<?xml version="1.0" encoding="UTF-8"?>
<!-- Generated by org.testng.reporters.JUnitReportReporter -->
<testsuite hostname="DESKTOP-SLBJURD" failures="0" tests="1" name="tests.t2_signup" time="21.674" errors="0" timestamp="2024-12-17T21:25:16 IST" skipped="0">
  <testcase classname="tests.t2_signup" name="signupSJ" time="21.674"/>
</testsuite> <!-- tests.t2_signup -->
