<?xml version="1.0" encoding="UTF-8"?>
<!-- Generated by org.testng.reporters.JUnitReportReporter -->
<testsuite hostname="DESKTOP-SLBJURD" failures="0" tests="1" name="tests.t5_roundtrip" time="7.284" errors="0" timestamp="2024-12-17T21:33:02 IST" skipped="0">
  <testcase classname="tests.t5_roundtrip" name="roundTrip" time="7.284"/>
</testsuite> <!-- tests.t5_roundtrip -->
