<?xml version="1.0" encoding="UTF-8"?>
<!-- Generated by org.testng.reporters.JUnitReportReporter -->
<testsuite hostname="DESKTOP-SLBJURD" failures="0" tests="1" name="tests.t6_selectflight" time="10.261" errors="0" timestamp="2024-12-17T21:34:09 IST" skipped="0">
  <testcase classname="tests.t6_selectflight" name="selectFlight" time="10.261"/>
</testsuite> <!-- tests.t6_selectflight -->
