<?xml version="1.0" encoding="UTF-8"?>
<!-- Generated by org.testng.reporters.JUnitReportReporter -->
<testsuite hostname="DESKTOP-SLBJURD" failures="0" tests="1" name="tests.t4_onewaytrip" time="5.588" errors="0" timestamp="2024-12-17T21:32:08 IST" skipped="0">
  <testcase classname="tests.t4_onewaytrip" name="oneWaytrip" time="5.588"/>
</testsuite> <!-- tests.t4_onewaytrip -->
