<?xml version="1.0" encoding="UTF-8"?>
<!-- Generated by org.testng.reporters.JUnitReportReporter -->
<testsuite hostname="DESKTOP-SLBJURD" failures="0" tests="1" name="tests.t3_login" time="3.832" errors="0" timestamp="2024-12-17T21:29:00 IST" skipped="0">
  <testcase classname="tests.t3_login" name="navigateLoginDetail" time="3.832"/>
</testsuite> <!-- tests.t3_login -->
