<?xml version="1.0" encoding="UTF-8"?>
<!-- Generated by org.testng.reporters.JUnitReportReporter -->
<testsuite hostname="DESKTOP-SLBJURD" failures="0" tests="1" name="tests.t1_navigatetospicejet" time="0.725" errors="0" timestamp="2024-12-17T21:00:20 IST" skipped="0">
  <testcase classname="tests.t1_navigatetospicejet" name="navigateToWebSite" time="0.725"/>
</testsuite> <!-- tests.t1_navigatetospicejet -->
